{"D:\\react-native\\toDoApp\\src\\components\\UI\\SideDrawerToggleButton\\SideDrawerToggleButton.tsx": {"path":"D:\\react-native\\toDoApp\\src\\components\\UI\\SideDrawerToggleButton\\SideDrawerToggleButton.tsx","statementMap":{"0":{"start":{"line":9,"column":31},"end":{"line":21,"column":1}},"1":{"start":{"line":11,"column":25},"end":{"line":13,"column":5}},"2":{"start":{"line":12,"column":8},"end":{"line":12,"column":24}},"3":{"start":{"line":15,"column":4},"end":{"line":19,"column":6}}},"fnMap":{"0":{"name":"(anonymous_0)","decl":{"start":{"line":9,"column":31},"end":{"line":9,"column":32}},"loc":{"start":{"line":9,"column":49},"end":{"line":21,"column":1}},"line":9},"1":{"name":"(anonymous_1)","decl":{"start":{"line":11,"column":25},"end":{"line":11,"column":26}},"loc":{"start":{"line":11,"column":31},"end":{"line":13,"column":5}},"line":11}},"branchMap":{},"s":{"0":1,"1":1,"2":0,"3":1},"f":{"0":1,"1":0},"b":{},"_coverageSchema":"43e27e138ebf9cfc5966b082cf9a028302ed4184","hash":"a96cf8ee5a44a34415c8c7913128fab5ba7084bc"}
,"D:\\react-native\\toDoApp\\src\\store\\actions\\actionCreators.ts": {"path":"D:\\react-native\\toDoApp\\src\\store\\actions\\actionCreators.ts","statementMap":{"0":{"start":{"line":4,"column":23},"end":{"line":9,"column":1}},"1":{"start":{"line":5,"column":4},"end":{"line":8,"column":5}},"2":{"start":{"line":11,"column":26},"end":{"line":16,"column":1}},"3":{"start":{"line":12,"column":4},"end":{"line":15,"column":5}}},"fnMap":{"0":{"name":"(anonymous_0)","decl":{"start":{"line":4,"column":23},"end":{"line":4,"column":24}},"loc":{"start":{"line":4,"column":55},"end":{"line":9,"column":1}},"line":4},"1":{"name":"(anonymous_1)","decl":{"start":{"line":11,"column":26},"end":{"line":11,"column":27}},"loc":{"start":{"line":11,"column":61},"end":{"line":16,"column":1}},"line":11}},"branchMap":{},"s":{"0":1,"1":1,"2":1,"3":1},"f":{"0":1,"1":1},"b":{},"_coverageSchema":"43e27e138ebf9cfc5966b082cf9a028302ed4184","hash":"6d2561bd89a8e8f84be3decc9cc20e007d4c7cc0"}
,"D:\\react-native\\toDoApp\\src\\store\\constants\\actionTypes.ts": {"path":"D:\\react-native\\toDoApp\\src\\store\\constants\\actionTypes.ts","statementMap":{"0":{"start":{"line":1,"column":32},"end":{"line":1,"column":42}},"1":{"start":{"line":2,"column":35},"end":{"line":2,"column":48}}},"fnMap":{},"branchMap":{},"s":{"0":2,"1":2},"f":{},"b":{},"_coverageSchema":"43e27e138ebf9cfc5966b082cf9a028302ed4184","hash":"ad9a5ae419fd17ca4c0ece12dff08812fff4e090"}
,"D:\\react-native\\toDoApp\\src\\store\\reducers\\reducer.ts": {"path":"D:\\react-native\\toDoApp\\src\\store\\reducers\\reducer.ts","statementMap":{"0":{"start":{"line":10,"column":35},"end":{"line":12,"column":1}},"1":{"start":{"line":14,"column":23},"end":{"line":25,"column":1}},"2":{"start":{"line":16,"column":4},"end":{"line":23,"column":5}},"3":{"start":{"line":18,"column":12},"end":{"line":18,"column":41}},"4":{"start":{"line":20,"column":12},"end":{"line":20,"column":44}},"5":{"start":{"line":22,"column":12},"end":{"line":22,"column":25}},"6":{"start":{"line":28,"column":4},"end":{"line":31,"column":6}},"7":{"start":{"line":30,"column":42},"end":{"line":30,"column":68}},"8":{"start":{"line":35,"column":4},"end":{"line":38,"column":6}}},"fnMap":{"0":{"name":"(anonymous_0)","decl":{"start":{"line":14,"column":23},"end":{"line":14,"column":24}},"loc":{"start":{"line":14,"column":78},"end":{"line":25,"column":1}},"line":14},"1":{"name":"removeTodo","decl":{"start":{"line":27,"column":9},"end":{"line":27,"column":19}},"loc":{"start":{"line":27,"column":62},"end":{"line":32,"column":1}},"line":27},"2":{"name":"(anonymous_2)","decl":{"start":{"line":30,"column":34},"end":{"line":30,"column":35}},"loc":{"start":{"line":30,"column":42},"end":{"line":30,"column":68}},"line":30},"3":{"name":"addTodo","decl":{"start":{"line":34,"column":9},"end":{"line":34,"column":16}},"loc":{"start":{"line":34,"column":59},"end":{"line":39,"column":1}},"line":34}},"branchMap":{"0":{"loc":{"start":{"line":14,"column":24},"end":{"line":14,"column":44}},"type":"default-arg","locations":[{"start":{"line":14,"column":32},"end":{"line":14,"column":44}}],"line":14},"1":{"loc":{"start":{"line":16,"column":4},"end":{"line":23,"column":5}},"type":"switch","locations":[{"start":{"line":17,"column":8},"end":{"line":18,"column":41}},{"start":{"line":19,"column":8},"end":{"line":20,"column":44}},{"start":{"line":21,"column":8},"end":{"line":22,"column":25}}],"line":16}},"s":{"0":1,"1":1,"2":4,"3":2,"4":1,"5":1,"6":1,"7":1,"8":2},"f":{"0":4,"1":1,"2":1,"3":2},"b":{"0":[1],"1":[2,1,1]},"_coverageSchema":"43e27e138ebf9cfc5966b082cf9a028302ed4184","hash":"43b5bed61122c8b510d6608ee4bdaa885c28925a"}
}
