TN:
SF:D:\react-native\toDoApp\src\components\UI\SideDrawerToggleButton\SideDrawerToggleButton.tsx
FN:9,(anonymous_0)
FN:11,(anonymous_1)
FNF:2
FNH:1
FNDA:1,(anonymous_0)
FNDA:0,(anonymous_1)
DA:9,1
DA:11,1
DA:12,0
DA:15,1
LF:4
LH:3
BRF:0
BRH:0
end_of_record
TN:
SF:D:\react-native\toDoApp\src\store\actions\actionCreators.ts
FN:4,(anonymous_0)
FN:11,(anonymous_1)
FNF:2
FNH:2
FNDA:1,(anonymous_0)
FNDA:1,(anonymous_1)
DA:4,1
DA:5,1
DA:11,1
DA:12,1
LF:4
LH:4
BRF:0
BRH:0
end_of_record
TN:
SF:D:\react-native\toDoApp\src\store\constants\actionTypes.ts
FNF:0
FNH:0
DA:1,2
DA:2,2
LF:2
LH:2
BRF:0
BRH:0
end_of_record
TN:
SF:D:\react-native\toDoApp\src\store\reducers\reducer.ts
FN:14,(anonymous_0)
FN:27,removeTodo
FN:30,(anonymous_2)
FN:34,addTodo
FNF:4
FNH:4
FNDA:4,(anonymous_0)
FNDA:1,removeTodo
FNDA:1,(anonymous_2)
FNDA:2,addTodo
DA:10,1
DA:14,1
DA:16,4
DA:18,2
DA:20,1
DA:22,1
DA:28,1
DA:30,1
DA:35,2
LF:9
LH:9
BRDA:14,0,0,1
BRDA:16,1,0,2
BRDA:16,1,1,1
BRDA:16,1,2,1
BRF:4
BRH:4
end_of_record
